<?xml version="1.0" encoding="UTF-8"?>
<testsuite name="com.example.mindex.DataBootstrapTest" tests="1" skipped="0" failures="0" errors="0" timestamp="2022-05-31T19:00:21" hostname="Rushyanths-MacBook.local" time="2.177">
  <properties/>
  <testcase name="test" classname="com.example.mindex.DataBootstrapTest" time="2.177"/>
  <system-out><![CDATA[00:30:05.650 [Test worker] DEBUG org.springframework.test.context.junit4.SpringJUnit4ClassRunner - SpringJUnit4ClassRunner constructor called with [class com.example.mindex.DataBootstrapTest]
00:30:05.698 [Test worker] DEBUG org.springframework.test.context.BootstrapUtils - Instantiating CacheAwareContextLoaderDelegate from class [org.springframework.test.context.cache.DefaultCacheAwareContextLoaderDelegate]
00:30:05.726 [Test worker] DEBUG org.springframework.test.context.BootstrapUtils - Instantiating BootstrapContext using constructor [public org.springframework.test.context.support.DefaultBootstrapContext(java.lang.Class,org.springframework.test.context.CacheAwareContextLoaderDelegate)]
00:30:05.944 [Test worker] DEBUG org.springframework.test.context.BootstrapUtils - Instantiating TestContextBootstrapper for test class [com.example.mindex.DataBootstrapTest] from class [org.springframework.boot.test.context.SpringBootTestContextBootstrapper]
00:30:06.050 [Test worker] INFO org.springframework.boot.test.context.SpringBootTestContextBootstrapper - Neither @ContextConfiguration nor @ContextHierarchy found for test class [com.example.mindex.DataBootstrapTest], using SpringBootContextLoader
00:30:06.066 [Test worker] DEBUG org.springframework.test.context.support.AbstractContextLoader - Did not detect default resource location for test class [com.example.mindex.DataBootstrapTest]: class path resource [com/example/mindex/DataBootstrapTest-context.xml] does not exist
00:30:06.078 [Test worker] DEBUG org.springframework.test.context.support.AbstractContextLoader - Did not detect default resource location for test class [com.example.mindex.DataBootstrapTest]: class path resource [com/example/mindex/DataBootstrapTestContext.groovy] does not exist
00:30:06.089 [Test worker] INFO org.springframework.test.context.support.AbstractContextLoader - Could not detect default resource locations for test class [com.example.mindex.DataBootstrapTest]: no resource found for suffixes {-context.xml, Context.groovy}.
00:30:06.096 [Test worker] INFO org.springframework.test.context.support.AnnotationConfigContextLoaderUtils - Could not detect default configuration classes for test class [com.example.mindex.DataBootstrapTest]: DataBootstrapTest does not declare any static, non-private, non-final, nested classes annotated with @Configuration.
00:30:06.244 [Test worker] DEBUG org.springframework.test.context.support.ActiveProfilesUtils - Could not find an 'annotation declaring class' for annotation type [org.springframework.test.context.ActiveProfiles] and class [com.example.mindex.DataBootstrapTest]
00:30:06.762 [Test worker] DEBUG org.springframework.context.annotation.ClassPathScanningCandidateComponentProvider - Identified candidate component class: file [/Users/administrator/Downloads/mindex/build/classes/java/main/com/example/mindex/MindexApplication.class]
00:30:06.770 [Test worker] INFO org.springframework.boot.test.context.SpringBootTestContextBootstrapper - Found @SpringBootConfiguration com.example.mindex.MindexApplication for test class com.example.mindex.DataBootstrapTest
00:30:07.347 [Test worker] DEBUG org.springframework.boot.test.context.SpringBootTestContextBootstrapper - @TestExecutionListeners is not present for class [com.example.mindex.DataBootstrapTest]: using defaults.
00:30:07.351 [Test worker] INFO org.springframework.boot.test.context.SpringBootTestContextBootstrapper - Loaded default TestExecutionListener class names from location [META-INF/spring.factories]: [org.springframework.boot.test.autoconfigure.restdocs.RestDocsTestExecutionListener, org.springframework.boot.test.autoconfigure.web.client.MockRestServiceServerResetTestExecutionListener, org.springframework.boot.test.autoconfigure.web.servlet.MockMvcPrintOnlyOnFailureTestExecutionListener, org.springframework.boot.test.autoconfigure.web.servlet.WebDriverTestExecutionListener, org.springframework.boot.test.mock.mockito.MockitoTestExecutionListener, org.springframework.boot.test.mock.mockito.ResetMocksTestExecutionListener, org.springframework.test.context.web.ServletTestExecutionListener, org.springframework.test.context.support.DirtiesContextBeforeModesTestExecutionListener, org.springframework.test.context.support.DependencyInjectionTestExecutionListener, org.springframework.test.context.support.DirtiesContextTestExecutionListener, org.springframework.test.context.transaction.TransactionalTestExecutionListener, org.springframework.test.context.jdbc.SqlScriptsTestExecutionListener, org.springframework.test.context.event.EventPublishingTestExecutionListener]
00:30:07.387 [Test worker] INFO org.springframework.boot.test.context.SpringBootTestContextBootstrapper - Using TestExecutionListeners: [org.springframework.test.context.web.ServletTestExecutionListener@5ed731d0, org.springframework.test.context.support.DirtiesContextBeforeModesTestExecutionListener@3234f74e, org.springframework.boot.test.mock.mockito.MockitoTestExecutionListener@7bc10d84, org.springframework.boot.test.autoconfigure.SpringBootDependencyInjectionTestExecutionListener@275fe372, org.springframework.test.context.support.DirtiesContextTestExecutionListener@40e10ff8, org.springframework.test.context.transaction.TransactionalTestExecutionListener@557a1e2d, org.springframework.test.context.jdbc.SqlScriptsTestExecutionListener@26a4842b, org.springframework.test.context.event.EventPublishingTestExecutionListener@7e38a7fe, org.springframework.boot.test.autoconfigure.restdocs.RestDocsTestExecutionListener@366ef90e, org.springframework.boot.test.autoconfigure.web.client.MockRestServiceServerResetTestExecutionListener@33e01298, org.springframework.boot.test.autoconfigure.web.servlet.MockMvcPrintOnlyOnFailureTestExecutionListener@31e75d13, org.springframework.boot.test.autoconfigure.web.servlet.WebDriverTestExecutionListener@a5b0b86, org.springframework.boot.test.mock.mockito.ResetMocksTestExecutionListener@4b3c354a]
00:30:07.443 [Test worker] DEBUG org.springframework.test.annotation.ProfileValueUtils - Retrieved @ProfileValueSourceConfiguration [null] for test class [com.example.mindex.DataBootstrapTest]
00:30:07.450 [Test worker] DEBUG org.springframework.test.annotation.ProfileValueUtils - Retrieved ProfileValueSource type [class org.springframework.test.annotation.SystemProfileValueSource] for class [com.example.mindex.DataBootstrapTest]
00:30:07.455 [Test worker] DEBUG org.springframework.test.annotation.ProfileValueUtils - Retrieved @ProfileValueSourceConfiguration [null] for test class [com.example.mindex.DataBootstrapTest]
00:30:07.457 [Test worker] DEBUG org.springframework.test.annotation.ProfileValueUtils - Retrieved ProfileValueSource type [class org.springframework.test.annotation.SystemProfileValueSource] for class [com.example.mindex.DataBootstrapTest]
00:30:07.512 [Test worker] DEBUG org.springframework.test.context.support.AbstractDirtiesContextTestExecutionListener - Before test class: context [DefaultTestContext@277f7dd3 testClass = DataBootstrapTest, testInstance = [null], testMethod = [null], testException = [null], mergedContextConfiguration = [WebMergedContextConfiguration@6c8bca63 testClass = DataBootstrapTest, locations = '{}', classes = '{class com.example.mindex.MindexApplication}', contextInitializerClasses = '[]', activeProfiles = '{}', propertySourceLocations = '{}', propertySourceProperties = '{org.springframework.boot.test.context.SpringBootTestContextBootstrapper=true}', contextCustomizers = set[org.springframework.boot.test.autoconfigure.properties.PropertyMappingContextCustomizer@0, org.springframework.boot.test.autoconfigure.web.servlet.WebDriverContextCustomizerFactory$Customizer@5bf0fe62, org.springframework.boot.test.context.filter.ExcludeFilterContextCustomizer@77128536, org.springframework.boot.test.json.DuplicateJsonObjectContextCustomizerFactory$DuplicateJsonObjectContextCustomizer@64bce832, org.springframework.boot.test.mock.mockito.MockitoContextCustomizer@0, org.springframework.boot.test.web.client.TestRestTemplateContextCustomizer@7fb95505], resourceBasePath = 'src/main/webapp', contextLoader = 'org.springframework.boot.test.context.SpringBootContextLoader', parent = [null]], attributes = map['org.springframework.test.context.web.ServletTestExecutionListener.activateListener' -> true]], class annotated with @DirtiesContext [false] with mode [null].
00:30:07.523 [Test worker] DEBUG org.springframework.test.annotation.ProfileValueUtils - Retrieved @ProfileValueSourceConfiguration [null] for test class [com.example.mindex.DataBootstrapTest]
00:30:07.524 [Test worker] DEBUG org.springframework.test.annotation.ProfileValueUtils - Retrieved ProfileValueSource type [class org.springframework.test.annotation.SystemProfileValueSource] for class [com.example.mindex.DataBootstrapTest]
00:30:07.622 [Test worker] DEBUG org.springframework.test.context.support.TestPropertySourceUtils - Adding inlined properties to environment: {spring.jmx.enabled=false, org.springframework.boot.test.context.SpringBootTestContextBootstrapper=true, server.port=-1}

  .   ____          _            __ _ _
 /\\ / ___'_ __ _ _(_)_ __  __ _ \ \ \ \
( ( )\___ | '_ | '_| | '_ \/ _` | \ \ \ \
 \\/  ___)| |_)| | | | | || (_| |  ) ) ) )
  '  |____| .__|_| |_|_| |_\__, | / / / /
 =========|_|==============|___/=/_/_/_/
 :: Spring Boot ::        (v2.2.0.RELEASE)

2022-06-01 00:30:09.430  INFO 9170 --- [    Test worker] com.example.mindex.DataBootstrapTest     : Starting DataBootstrapTest on Rushyanths-MacBook.local with PID 9170 (started by administrator in /Users/administrator/Downloads/mindex)
2022-06-01 00:30:09.435  INFO 9170 --- [    Test worker] com.example.mindex.DataBootstrapTest     : No active profile set, falling back to default profiles: default
2022-06-01 00:30:11.946  INFO 9170 --- [    Test worker] .s.d.r.c.RepositoryConfigurationDelegate : Bootstrapping Spring Data repositories in DEFAULT mode.
2022-06-01 00:30:12.326  INFO 9170 --- [    Test worker] .s.d.r.c.RepositoryConfigurationDelegate : Finished Spring Data repository scanning in 307ms. Found 2 repository interfaces.
2022-06-01 00:30:15.195  INFO 9170 --- [    Test worker] de.bwaldvogel.mongo.MongoServer          : started MongoServer(port: 52058, ssl: false)
2022-06-01 00:30:15.447  INFO 9170 --- [    Test worker] org.mongodb.driver.cluster               : Cluster created with settings {hosts=[127.0.0.1:52058], mode=SINGLE, requiredClusterType=UNKNOWN, serverSelectionTimeout='30000 ms', maxWaitQueueSize=500}
2022-06-01 00:30:15.610  INFO 9170 --- [-server-worker1] d.b.mongo.wire.MongoWireProtocolHandler  : client [id: 0xb0f211bf, L:/127.0.0.1:52058 - R:/127.0.0.1:52059] connected
2022-06-01 00:30:15.749  INFO 9170 --- [127.0.0.1:52058] org.mongodb.driver.connection            : Opened connection [connectionId{localValue:1}] to 127.0.0.1:52058
2022-06-01 00:30:15.764  INFO 9170 --- [127.0.0.1:52058] org.mongodb.driver.cluster               : Monitor thread successfully connected to server with description ServerDescription{address=127.0.0.1:52058, type=STANDALONE, state=CONNECTED, ok=true, version=ServerVersion{versionList=[3, 0, 0]}, minWireVersion=0, maxWireVersion=2, maxDocumentSize=16777216, logicalSessionTimeoutMinutes=null, roundTripTimeNanos=10514727}
2022-06-01 00:30:16.095  WARN 9170 --- [    Test worker] o.s.data.convert.CustomConversions       : Registering converter from class java.time.LocalDateTime to class java.time.Instant as reading converter although it doesn't convert from a store-supported type! You might wanna check you annotation setup at the converter implementation.
2022-06-01 00:30:16.097  WARN 9170 --- [    Test worker] o.s.data.convert.CustomConversions       : Registering converter from class java.time.Instant to class java.time.LocalDateTime as reading converter although it doesn't convert from a store-supported type! You might wanna check you annotation setup at the converter implementation.
2022-06-01 00:30:16.118  WARN 9170 --- [    Test worker] o.s.data.convert.CustomConversions       : Registering converter from class java.time.LocalDateTime to class java.time.Instant as reading converter although it doesn't convert from a store-supported type! You might wanna check you annotation setup at the converter implementation.
2022-06-01 00:30:16.121  WARN 9170 --- [    Test worker] o.s.data.convert.CustomConversions       : Registering converter from class java.time.Instant to class java.time.LocalDateTime as reading converter although it doesn't convert from a store-supported type! You might wanna check you annotation setup at the converter implementation.
2022-06-01 00:30:17.994  INFO 9170 --- [-server-worker2] d.b.mongo.wire.MongoWireProtocolHandler  : client [id: 0xbb8ed2bf, L:/127.0.0.1:52058 - R:/127.0.0.1:52060] connected
2022-06-01 00:30:18.026  INFO 9170 --- [    Test worker] org.mongodb.driver.connection            : Opened connection [connectionId{localValue:2}] to 127.0.0.1:52058
2022-06-01 00:30:18.131  INFO 9170 --- [-server-worker2] d.b.mongo.backend.AbstractMongoBackend   : created database test
2022-06-01 00:30:18.160  INFO 9170 --- [-server-worker2] d.b.mongo.backend.AbstractMongoDatabase  : adding unique _id index for collection employee
2022-06-01 00:30:18.164  INFO 9170 --- [-server-worker2] d.b.mongo.backend.AbstractMongoDatabase  : created collection test.employee
2022-06-01 00:30:20.525  INFO 9170 --- [    Test worker] o.s.s.concurrent.ThreadPoolTaskExecutor  : Initializing ExecutorService 'applicationTaskExecutor'
2022-06-01 00:30:21.421  WARN 9170 --- [    Test worker] o.s.data.convert.CustomConversions       : Registering converter from class java.time.LocalDateTime to class java.time.Instant as reading converter although it doesn't convert from a store-supported type! You might wanna check you annotation setup at the converter implementation.
2022-06-01 00:30:21.422  WARN 9170 --- [    Test worker] o.s.data.convert.CustomConversions       : Registering converter from class java.time.Instant to class java.time.LocalDateTime as reading converter although it doesn't convert from a store-supported type! You might wanna check you annotation setup at the converter implementation.
2022-06-01 00:30:21.504  WARN 9170 --- [    Test worker] o.s.data.convert.CustomConversions       : Registering converter from class java.time.LocalDateTime to class java.time.Instant as reading converter although it doesn't convert from a store-supported type! You might wanna check you annotation setup at the converter implementation.
2022-06-01 00:30:21.506  WARN 9170 --- [    Test worker] o.s.data.convert.CustomConversions       : Registering converter from class java.time.Instant to class java.time.LocalDateTime as reading converter although it doesn't convert from a store-supported type! You might wanna check you annotation setup at the converter implementation.
2022-06-01 00:30:21.819  INFO 9170 --- [    Test worker] com.example.mindex.DataBootstrapTest     : Started DataBootstrapTest in 14.171 seconds (JVM running for 19.869)
]]></system-out>
  <system-err><![CDATA[]]></system-err>
</testsuite>
