<?xml version="1.0" encoding="UTF-8"?>
<testsuite name="com.example.mindex.service.impl.CompensationServiceImplTest" tests="1" skipped="0" failures="0" errors="0" timestamp="2022-05-31T19:00:28" hostname="Rushyanths-MacBook.local" time="0.831">
  <properties/>
  <testcase name="testCompensationWorkflow" classname="com.example.mindex.service.impl.CompensationServiceImplTest" time="0.831"/>
  <system-out><![CDATA[2022-06-01 00:30:24.144  INFO 9170 --- [    Test worker] .b.t.c.SpringBootTestContextBootstrapper : Neither @ContextConfiguration nor @ContextHierarchy found for test class [com.example.mindex.service.impl.CompensationServiceImplTest], using SpringBootContextLoader
2022-06-01 00:30:24.158  INFO 9170 --- [    Test worker] o.s.t.c.support.AbstractContextLoader    : Could not detect default resource locations for test class [com.example.mindex.service.impl.CompensationServiceImplTest]: no resource found for suffixes {-context.xml, Context.groovy}.
2022-06-01 00:30:24.158  INFO 9170 --- [    Test worker] t.c.s.AnnotationConfigContextLoaderUtils : Could not detect default configuration classes for test class [com.example.mindex.service.impl.CompensationServiceImplTest]: CompensationServiceImplTest does not declare any static, non-private, non-final, nested classes annotated with @Configuration.
2022-06-01 00:30:24.309  INFO 9170 --- [    Test worker] .b.t.c.SpringBootTestContextBootstrapper : Found @SpringBootConfiguration com.example.mindex.MindexApplication for test class com.example.mindex.service.impl.CompensationServiceImplTest
2022-06-01 00:30:24.312  INFO 9170 --- [    Test worker] .b.t.c.SpringBootTestContextBootstrapper : Loaded default TestExecutionListener class names from location [META-INF/spring.factories]: [org.springframework.boot.test.autoconfigure.restdocs.RestDocsTestExecutionListener, org.springframework.boot.test.autoconfigure.web.client.MockRestServiceServerResetTestExecutionListener, org.springframework.boot.test.autoconfigure.web.servlet.MockMvcPrintOnlyOnFailureTestExecutionListener, org.springframework.boot.test.autoconfigure.web.servlet.WebDriverTestExecutionListener, org.springframework.boot.test.mock.mockito.MockitoTestExecutionListener, org.springframework.boot.test.mock.mockito.ResetMocksTestExecutionListener, org.springframework.test.context.web.ServletTestExecutionListener, org.springframework.test.context.support.DirtiesContextBeforeModesTestExecutionListener, org.springframework.test.context.support.DependencyInjectionTestExecutionListener, org.springframework.test.context.support.DirtiesContextTestExecutionListener, org.springframework.test.context.transaction.TransactionalTestExecutionListener, org.springframework.test.context.jdbc.SqlScriptsTestExecutionListener, org.springframework.test.context.event.EventPublishingTestExecutionListener]
2022-06-01 00:30:24.313  INFO 9170 --- [    Test worker] .b.t.c.SpringBootTestContextBootstrapper : Using TestExecutionListeners: [org.springframework.test.context.web.ServletTestExecutionListener@538e74fc, org.springframework.test.context.support.DirtiesContextBeforeModesTestExecutionListener@7ecb9e17, org.springframework.boot.test.mock.mockito.MockitoTestExecutionListener@6475e778, org.springframework.boot.test.autoconfigure.SpringBootDependencyInjectionTestExecutionListener@75bf9e67, org.springframework.test.context.support.DirtiesContextTestExecutionListener@55b62db8, org.springframework.test.context.transaction.TransactionalTestExecutionListener@772f3a3f, org.springframework.test.context.jdbc.SqlScriptsTestExecutionListener@3caa4d85, org.springframework.test.context.event.EventPublishingTestExecutionListener@356fa0d1, org.springframework.boot.test.autoconfigure.restdocs.RestDocsTestExecutionListener@51508029, org.springframework.boot.test.autoconfigure.web.client.MockRestServiceServerResetTestExecutionListener@5f20b6fe, org.springframework.boot.test.autoconfigure.web.servlet.MockMvcPrintOnlyOnFailureTestExecutionListener@31880efa, org.springframework.boot.test.autoconfigure.web.servlet.WebDriverTestExecutionListener@79295932, org.springframework.boot.test.mock.mockito.ResetMocksTestExecutionListener@2cadcff6]

  .   ____          _            __ _ _
 /\\ / ___'_ __ _ _(_)_ __  __ _ \ \ \ \
( ( )\___ | '_ | '_| | '_ \/ _` | \ \ \ \
 \\/  ___)| |_)| | | | | || (_| |  ) ) ) )
  '  |____| .__|_| |_|_| |_\__, | / / / /
 =========|_|==============|___/=/_/_/_/
 :: Spring Boot ::        (v2.2.0.RELEASE)

2022-06-01 00:30:24.392  INFO 9170 --- [    Test worker] c.e.m.s.i.CompensationServiceImplTest    : Starting CompensationServiceImplTest on Rushyanths-MacBook.local with PID 9170 (started by administrator in /Users/administrator/Downloads/mindex)
2022-06-01 00:30:24.393  INFO 9170 --- [    Test worker] c.e.m.s.i.CompensationServiceImplTest    : No active profile set, falling back to default profiles: default
2022-06-01 00:30:25.035  INFO 9170 --- [    Test worker] .s.d.r.c.RepositoryConfigurationDelegate : Bootstrapping Spring Data repositories in DEFAULT mode.
2022-06-01 00:30:25.045  INFO 9170 --- [    Test worker] .s.d.r.c.RepositoryConfigurationDelegate : Finished Spring Data repository scanning in 10ms. Found 2 repository interfaces.
2022-06-01 00:30:26.066  INFO 9170 --- [    Test worker] o.s.b.w.embedded.tomcat.TomcatWebServer  : Tomcat initialized with port(s): 0 (http)
2022-06-01 00:30:26.127  INFO 9170 --- [    Test worker] o.apache.catalina.core.StandardService   : Starting service [Tomcat]
2022-06-01 00:30:26.129  INFO 9170 --- [    Test worker] org.apache.catalina.core.StandardEngine  : Starting Servlet engine: [Apache Tomcat/9.0.27]
2022-06-01 00:30:26.409  INFO 9170 --- [    Test worker] o.a.c.c.C.[Tomcat].[localhost].[/]       : Initializing Spring embedded WebApplicationContext
2022-06-01 00:30:26.412  INFO 9170 --- [    Test worker] o.s.web.context.ContextLoader            : Root WebApplicationContext: initialization completed in 2010 ms
2022-06-01 00:30:26.851  INFO 9170 --- [    Test worker] de.bwaldvogel.mongo.MongoServer          : started MongoServer(port: 52061, ssl: false)
2022-06-01 00:30:26.855  INFO 9170 --- [    Test worker] org.mongodb.driver.cluster               : Cluster created with settings {hosts=[127.0.0.1:52061], mode=SINGLE, requiredClusterType=UNKNOWN, serverSelectionTimeout='30000 ms', maxWaitQueueSize=500}
2022-06-01 00:30:26.875  INFO 9170 --- [-server-worker1] d.b.mongo.wire.MongoWireProtocolHandler  : client [id: 0x50e6034f, L:/127.0.0.1:52061 - R:/127.0.0.1:52062] connected
2022-06-01 00:30:26.895  INFO 9170 --- [127.0.0.1:52061] org.mongodb.driver.connection            : Opened connection [connectionId{localValue:3}] to 127.0.0.1:52061
2022-06-01 00:30:26.898  INFO 9170 --- [127.0.0.1:52061] org.mongodb.driver.cluster               : Monitor thread successfully connected to server with description ServerDescription{address=127.0.0.1:52061, type=STANDALONE, state=CONNECTED, ok=true, version=ServerVersion{versionList=[3, 0, 0]}, minWireVersion=0, maxWireVersion=2, maxDocumentSize=16777216, logicalSessionTimeoutMinutes=null, roundTripTimeNanos=2450139}
2022-06-01 00:30:26.904  WARN 9170 --- [    Test worker] o.s.data.convert.CustomConversions       : Registering converter from class java.time.LocalDateTime to class java.time.Instant as reading converter although it doesn't convert from a store-supported type! You might wanna check you annotation setup at the converter implementation.
2022-06-01 00:30:26.906  WARN 9170 --- [    Test worker] o.s.data.convert.CustomConversions       : Registering converter from class java.time.Instant to class java.time.LocalDateTime as reading converter although it doesn't convert from a store-supported type! You might wanna check you annotation setup at the converter implementation.
2022-06-01 00:30:26.912  WARN 9170 --- [    Test worker] o.s.data.convert.CustomConversions       : Registering converter from class java.time.LocalDateTime to class java.time.Instant as reading converter although it doesn't convert from a store-supported type! You might wanna check you annotation setup at the converter implementation.
2022-06-01 00:30:26.912  WARN 9170 --- [    Test worker] o.s.data.convert.CustomConversions       : Registering converter from class java.time.Instant to class java.time.LocalDateTime as reading converter although it doesn't convert from a store-supported type! You might wanna check you annotation setup at the converter implementation.
2022-06-01 00:30:27.117  INFO 9170 --- [-server-worker2] d.b.mongo.wire.MongoWireProtocolHandler  : client [id: 0xa4ee84e8, L:/127.0.0.1:52061 - R:/127.0.0.1:52063] connected
2022-06-01 00:30:27.150  INFO 9170 --- [    Test worker] org.mongodb.driver.connection            : Opened connection [connectionId{localValue:4}] to 127.0.0.1:52061
2022-06-01 00:30:27.153  INFO 9170 --- [-server-worker2] d.b.mongo.backend.AbstractMongoBackend   : created database test
2022-06-01 00:30:27.153  INFO 9170 --- [-server-worker2] d.b.mongo.backend.AbstractMongoDatabase  : adding unique _id index for collection employee
2022-06-01 00:30:27.154  INFO 9170 --- [-server-worker2] d.b.mongo.backend.AbstractMongoDatabase  : created collection test.employee
2022-06-01 00:30:27.668  INFO 9170 --- [    Test worker] o.s.s.concurrent.ThreadPoolTaskExecutor  : Initializing ExecutorService 'applicationTaskExecutor'
2022-06-01 00:30:28.165  WARN 9170 --- [    Test worker] o.s.data.convert.CustomConversions       : Registering converter from class java.time.LocalDateTime to class java.time.Instant as reading converter although it doesn't convert from a store-supported type! You might wanna check you annotation setup at the converter implementation.
2022-06-01 00:30:28.167  WARN 9170 --- [    Test worker] o.s.data.convert.CustomConversions       : Registering converter from class java.time.Instant to class java.time.LocalDateTime as reading converter although it doesn't convert from a store-supported type! You might wanna check you annotation setup at the converter implementation.
2022-06-01 00:30:28.234  WARN 9170 --- [    Test worker] o.s.data.convert.CustomConversions       : Registering converter from class java.time.LocalDateTime to class java.time.Instant as reading converter although it doesn't convert from a store-supported type! You might wanna check you annotation setup at the converter implementation.
2022-06-01 00:30:28.234  WARN 9170 --- [    Test worker] o.s.data.convert.CustomConversions       : Registering converter from class java.time.Instant to class java.time.LocalDateTime as reading converter although it doesn't convert from a store-supported type! You might wanna check you annotation setup at the converter implementation.
2022-06-01 00:30:28.508  INFO 9170 --- [    Test worker] o.s.b.w.embedded.tomcat.TomcatWebServer  : Tomcat started on port(s): 52064 (http) with context path ''
2022-06-01 00:30:28.510  INFO 9170 --- [    Test worker] c.e.m.s.i.CompensationServiceImplTest    : Started CompensationServiceImplTest in 4.188 seconds (JVM running for 26.562)
2022-06-01 00:30:28.962  INFO 9170 --- [o-auto-1-exec-1] o.a.c.c.C.[Tomcat].[localhost].[/]       : Initializing Spring DispatcherServlet 'dispatcherServlet'
2022-06-01 00:30:28.963  INFO 9170 --- [o-auto-1-exec-1] o.s.web.servlet.DispatcherServlet        : Initializing Servlet 'dispatcherServlet'
2022-06-01 00:30:29.024  INFO 9170 --- [o-auto-1-exec-1] o.s.web.servlet.DispatcherServlet        : Completed initialization in 60 ms
2022-06-01 00:30:29.324  INFO 9170 --- [-server-worker2] d.b.mongo.backend.AbstractMongoDatabase  : adding unique _id index for collection compensation
2022-06-01 00:30:29.325  INFO 9170 --- [-server-worker2] d.b.mongo.backend.AbstractMongoDatabase  : created collection test.compensation
]]></system-out>
  <system-err><![CDATA[]]></system-err>
</testsuite>
